<?xml version="1.0" encoding="UTF-8"?>
<!-- Generated by org.testng.reporters.JUnitReportReporter -->
<testsuite skipped="0" hostname="Admin-PC" name="com.test.UsefullLinkTest" tests="7" failures="0" timestamp="15 Jan 2021 13:13:43 GMT" time="190.195" errors="0">
  <testcase name="verifyMainHeading" time="26.392" classname="com.test.UsefullLinkTest"/>
  <testcase name="verifysubHeading" time="29.415" classname="com.test.UsefullLinkTest"/>
  <testcase name="verifyheading" time="17.851" classname="com.test.UsefullLinkTest"/>
  <testcase name="interviewQues" time="34.264" classname="com.test.UsefullLinkTest"/>
  <testcase name="table1" time="40.107" classname="com.test.UsefullLinkTest"/>
  <testcase name="verifytable2" time="18.385" classname="com.test.UsefullLinkTest"/>
  <testcase name="verifytable4" time="23.781" classname="com.test.UsefullLinkTest"/>
</testsuite> <!-- com.test.UsefullLinkTest -->
