<?xml version="1.0" encoding="UTF-8"?>
<!-- Generated by org.testng.reporters.JUnitReportReporter -->
<testsuite skipped="0" hostname="Admin-PC" name="com.test.downloadtest" tests="1" failures="0" timestamp="15 Jan 2021 12:33:43 GMT" time="32.191" errors="0">
  <testcase name="verifyMainHeading1" time="32.191" classname="com.test.downloadtest"/>
</testsuite> <!-- com.test.downloadtest -->
